[01:30:54] [main/INFO]: Loading Minecraft 1.21.1 with Fabric Loader 0.18.2
[01:30:54] [main/INFO]: Loading 4 mods:
	- fabricloader 0.18.2
	   \-- mixinextras 0.5.0
	- java 21
	- minecraft 1.21.1
[01:30:55] [main/INFO]: SpongePowered MIXIN Subsystem Version=0.8.7 Source=file:/workspaces/stunning-octo-guacamole/servidor_minecraft/libraries/net/fabricmc/sponge-mixin/0.16.5+mixin.0.8.7/sponge-mixin-0.16.5+mixin.0.8.7.jar Service=Knot/Fabric Env=SERVER
[01:31:00] [main/INFO]: Environment: Environment[sessionHost=https://sessionserver.mojang.com, servicesHost=https://api.minecraftservices.com, name=PROD]
[01:31:02] [main/INFO]: Loaded 1290 recipes
[01:31:02] [main/INFO]: Loaded 1399 advancements
[01:31:03] [Server thread/INFO]: Starting minecraft server version 1.21.1
[01:31:03] [Server thread/INFO]: Loading properties
[01:31:03] [Server thread/INFO]: Default game type: SURVIVAL
[01:31:03] [Server thread/INFO]: Generating keypair
[01:31:03] [Server thread/INFO]: Starting Minecraft server on *:25565
[01:31:03] [Server thread/INFO]: Using epoll channel type
[01:31:03] [Server thread/WARN]: **** SERVER IS RUNNING IN OFFLINE/INSECURE MODE!
[01:31:03] [Server thread/WARN]: The server will make no attempt to authenticate usernames. Beware.
[01:31:03] [Server thread/WARN]: While this makes the game possible to play without internet access, it also opens up the ability for hackers to connect with any username they choose.
[01:31:03] [Server thread/WARN]: To change this, set "online-mode" to "true" in the server.properties file.
[01:31:03] [Server thread/INFO]: Preparing level "world"
[01:31:07] [Server thread/INFO]: Preparing start region for dimension minecraft:overworld
[01:31:07] [Worker-Main-1/INFO]: Preparing spawn area: 0%
[01:31:08] [Worker-Main-2/INFO]: Preparing spawn area: 24%
[01:31:08] [Server thread/INFO]: Time elapsed: 860 ms
[01:31:08] [Server thread/INFO]: Done (4.731s)! For help, type "help"
[01:38:29] [Server thread/INFO]: Sotrm_[/127.170.186.0:53737] logged in with entity id 50 at (48.348877256663904, 71.0, -15.792400466293364)
[01:38:29] [Server thread/INFO]: Sotrm_ joined the game
[01:40:42] [Server thread/INFO]: Sotrm_ lost connection: Disconnected
[01:40:42] [Server thread/INFO]: Sotrm_ left the game
[01:43:41] [Server thread/INFO]: Sotrm_[/127.170.186.0:37899] logged in with entity id 561 at (68.7665870561856, 65.0, 52.33437966741412)
[01:43:41] [Server thread/INFO]: Sotrm_ joined the game
[01:53:18] [Server thread/INFO]: Sotrm_ was shot by Skeleton
